<?xml version="1.0" encoding="UTF-8"?>
<!-- Generated by org.testng.reporters.JUnitReportReporter -->
<testsuite hostname="DESKTOP-GUPA5RI" failures="0" tests="5" name="com.qa.testRunner.TestRunner" time="0.502" errors="0" timestamp="29 Jul. 2021 20:43:49 GMT" skipped="0">
  <testcase classname="com.qa.testRunner.TestRunner" name="feature" time="0.034"/>
  <testcase classname="com.qa.testRunner.TestRunner" name="feature" time="0.033"/>
  <testcase classname="com.qa.testRunner.TestRunner" name="feature" time="0.377"/>
  <testcase classname="com.qa.testRunner.TestRunner" name="feature" time="0.028"/>
  <testcase classname="com.qa.testRunner.TestRunner" name="feature" time="0.030"/>
</testsuite> <!-- com.qa.testRunner.TestRunner -->
